#
# There is insufficient memory for the Java Runtime Environment to continue.
# Native memory allocation (malloc) failed to allocate 69616 bytes for Chunk::new
# Possible reasons:
#   The system is out of physical RAM or swap space
#   The process is running with CompressedOops enabled, and the Java Heap may be blocking the growth of the native heap
# Possible solutions:
#   Reduce memory load on the system
#   Increase physical memory or swap space
#   Check if swap backing store is full
#   Decrease Java heap size (-Xmx/-Xms)
#   Decrease number of Java threads
#   Decrease Java thread stack sizes (-Xss)
#   Set larger code cache with -XX:ReservedCodeCacheSize=
#   JVM is running with Unscaled Compressed Oops mode in which the Java heap is
#     placed in the first 4GB address space. The Java Heap base address is the
#     maximum limit for the native heap growth. Please use -XX:HeapBaseMinAddress
#     to set the Java Heap base and to place the Java Heap above 4GB virtual address.
# This output file may be truncated or incomplete.
#
#  Out of Memory Error (allocation.cpp:389), pid=3104, tid=0x000000000000870c
#
# JRE version: OpenJDK Runtime Environment (8.0_242-b01) (build 1.8.0_242-release-1644-b01)
# Java VM: OpenJDK 64-Bit Server VM (25.242-b01 mixed mode windows-amd64 compressed oops)
# Failed to write core dump. Minidumps are not enabled by default on client versions of Windows
#

---------------  T H R E A D  ---------------

Current thread (0x00000000199b7000):  JavaThread "C2 CompilerThread1" daemon [_thread_in_native, id=34572, stack(0x000000001a380000,0x000000001a480000)]

Stack: [0x000000001a380000,0x000000001a480000]
[error occurred during error reporting (printing stack bounds), id 0xc0000005]

Native frames: (J=compiled Java code, j=interpreted, Vv=VM code, C=native code)


Current CompileTask:
C2:    378  455  s!   4       sun.misc.URLClassPath::getLoader (243 bytes)


---------------  P R O C E S S  ---------------

Java Threads: ( => current thread )
  0x00000000199d2800 JavaThread "Service Thread" daemon [_thread_blocked, id=28164, stack(0x000000001a680000,0x000000001a780000)]
  0x00000000199be800 JavaThread "C1 CompilerThread3" daemon [_thread_in_vm, id=43780, stack(0x000000001a580000,0x000000001a680000)]
  0x00000000199ba800 JavaThread "C2 CompilerThread2" daemon [_thread_blocked, id=37652, stack(0x000000001a480000,0x000000001a580000)]
=>0x00000000199b7000 JavaThread "C2 CompilerThread1" daemon [_thread_in_native, id=34572, stack(0x000000001a380000,0x000000001a480000)]
  0x00000000199b5000 JavaThread "C2 CompilerThread0" daemon [_thread_in_native, id=32564, stack(0x000000001a280000,0x000000001a380000)]
  0x00000000199b2800 JavaThread "Attach Listener" daemon [_thread_blocked, id=26324, stack(0x000000001a180000,0x000000001a280000)]
  0x00000000199b1800 JavaThread "Signal Dispatcher" daemon [_thread_blocked, id=45392, stack(0x000000001a080000,0x000000001a180000)]
  0x00000000199a1000 JavaThread "Finalizer" daemon [_thread_blocked, id=44504, stack(0x0000000019e80000,0x0000000019f80000)]
  0x0000000002cf8000 JavaThread "Reference Handler" daemon [_thread_blocked, id=34512, stack(0x0000000019d80000,0x0000000019e80000)]
  0x0000000002c03800 JavaThread "main" [_thread_in_Java, id=43220, stack(0x0000000002a60000,0x0000000002b60000)]

Other Threads:
  0x0000000017ba6800 VMThread [stack: 0x0000000019880000,0x0000000019980000] [id=35704]
  0x00000000199d4000 WatcherThread [stack: 0x000000001a780000,0x000000001a880000] [id=12364]

VM state:not at safepoint (normal execution)

VM Mutex/Monitor currently owned by a thread: None

heap address: 0x0000000083000000, size: 2000 MB, Compressed Oops mode: 32-bit
Narrow klass base: 0x0000000000000000, Narrow klass shift: 3
Compressed class space size: 1073741824 Address: 0x0000000100000000

Heap:
 PSYoungGen      total 37888K, used 9840K [0x00000000d6580000, 0x00000000d8f80000, 0x0000000100000000)
  eden space 32768K, 30% used [0x00000000d6580000,0x00000000d6f1c028,0x00000000d8580000)
  from space 5120K, 0% used [0x00000000d8a80000,0x00000000d8a80000,0x00000000d8f80000)
  to   space 5120K, 0% used [0x00000000d8580000,0x00000000d8580000,0x00000000d8a80000)
 ParOldGen       total 86016K, used 0K [0x0000000083000000, 0x0000000088400000, 0x00000000d6580000)
  object space 86016K, 0% used [0x0000000083000000,0x0000000083000000,0x0000000088400000)
 Metaspace       used 6393K, capacity 6562K, committed 6784K, reserved 1056768K
  class space    used 751K, capacity 803K, committed 896K, reserved 1048576K

Card table byte_map: [0x00000000120c0000,0x00000000124b0000] byte_map_base: 0x0000000011ca8000

Marking Bits: (ParMarkBitMap*) 0x000000007511f030
 Begin Bits: [0x0000000012f50000, 0x0000000014e90000)
 End Bits:   [0x0000000014e90000, 0x0000000016dd0000)

Polling page: 0x00000000009f0000

CodeCache: size=245760Kb used=2016Kb max_used=2016Kb free=243744Kb
 bounds [0x0000000002d00000, 0x0000000002f70000, 0x0000000011d00000]
 total_blobs=769 nmethods=463 adapters=220
 compilation: enabled

Compilation events (10 events):
Event: 0.366 Thread 0x00000000199be800 nmethod 453 0x0000000002eef190 code [0x0000000002eef380, 0x0000000002eeff58]
Event: 0.366 Thread 0x00000000199be800  454       3       java.util.Objects::requireNonNull (15 bytes)
Event: 0.366 Thread 0x00000000199b7000  455  s!   4       sun.misc.URLClassPath::getLoader (243 bytes)
Event: 0.366 Thread 0x00000000199be800 nmethod 454 0x0000000002ef0590 code [0x0000000002ef0700, 0x0000000002ef0928]
Event: 0.368 Thread 0x00000000199be800  456       3       java.util.zip.ZipEntry::<init> (43 bytes)
Event: 0.368 Thread 0x00000000199be800 nmethod 456 0x0000000002ef0c90 code [0x0000000002ef0de0, 0x0000000002ef0ff0]
Event: 0.369 Thread 0x00000000199be800  458       3       java.util.zip.ZipCoder::toString (190 bytes)
Event: 0.371 Thread 0x00000000199be800 nmethod 458 0x0000000002ef1410 code [0x0000000002ef17a0, 0x0000000002ef3758]
Event: 0.371 Thread 0x00000000199be800  459       3       java.util.zip.ZipCoder::decoder (35 bytes)
Event: 0.371 Thread 0x00000000199be800 nmethod 459 0x0000000002ef4890 code [0x0000000002ef4a20, 0x0000000002ef5088]

GC Heap History (0 events):
No events

Deoptimization events (0 events):
No events

Classes redefined (0 events):
No events

Internal exceptions (10 events):
Event: 0.280 Thread 0x0000000002c03800 Exception <a 'java/security/PrivilegedActionException'> (0x00000000d6a70110) thrown at [C:\src\AOSP-openjdk-git\hotspot\src\share\vm\prims\jvm.cpp, line 1502]
Event: 0.280 Thread 0x0000000002c03800 Exception <a 'java/security/PrivilegedActionException'> (0x00000000d6a71070) thrown at [C:\src\AOSP-openjdk-git\hotspot\src\share\vm\prims\jvm.cpp, line 1502]
Event: 0.280 Thread 0x0000000002c03800 Exception <a 'java/security/PrivilegedActionException'> (0x00000000d6a71280) thrown at [C:\src\AOSP-openjdk-git\hotspot\src\share\vm\prims\jvm.cpp, line 1502]
Event: 0.281 Thread 0x0000000002c03800 Exception <a 'java/security/PrivilegedActionException'> (0x00000000d6a72260) thrown at [C:\src\AOSP-openjdk-git\hotspot\src\share\vm\prims\jvm.cpp, line 1502]
Event: 0.281 Thread 0x0000000002c03800 Exception <a 'java/security/PrivilegedActionException'> (0x00000000d6a72470) thrown at [C:\src\AOSP-openjdk-git\hotspot\src\share\vm\prims\jvm.cpp, line 1502]
Event: 0.281 Thread 0x0000000002c03800 Exception <a 'java/security/PrivilegedActionException'> (0x00000000d6a73ac8) thrown at [C:\src\AOSP-openjdk-git\hotspot\src\share\vm\prims\jvm.cpp, line 1502]
Event: 0.281 Thread 0x0000000002c03800 Exception <a 'java/security/PrivilegedActionException'> (0x00000000d6a73cd8) thrown at [C:\src\AOSP-openjdk-git\hotspot\src\share\vm\prims\jvm.cpp, line 1502]
Event: 0.281 Thread 0x0000000002c03800 Exception <a 'java/security/PrivilegedActionException'> (0x00000000d6a74e80) thrown at [C:\src\AOSP-openjdk-git\hotspot\src\share\vm\prims\jvm.cpp, line 1502]
Event: 0.281 Thread 0x0000000002c03800 Exception <a 'java/security/PrivilegedActionException'> (0x00000000d6a75090) thrown at [C:\src\AOSP-openjdk-git\hotspot\src\share\vm\prims\jvm.cpp, line 1502]
Event: 0.301 Thread 0x0000000002c03800 Exception <a 'sun/nio/fs/WindowsException'> (0x00000000d6b3e160) thrown at [C:\src\AOSP-openjdk-git\hotspot\src\share\vm\prims\jni.cpp, line 710]

Events (10 events):
Event: 0.375 loading class java/util/concurrent/locks/AbstractQueuedSynchronizer$Node
Event: 0.375 loading class java/util/concurrent/locks/AbstractQueuedSynchronizer$Node done
Event: 0.375 loading class com/android/repository/impl/manager/RepoManagerImpl$LoadTask
Event: 0.375 loading class com/android/repository/impl/manager/RepoManagerImpl$LoadTask done
Event: 0.376 loading class java/util/concurrent/ConcurrentLinkedQueue
Event: 0.376 loading class java/util/AbstractQueue
Event: 0.376 loading class java/util/AbstractQueue done
Event: 0.376 loading class java/util/concurrent/ConcurrentLinkedQueue done
Event: 0.376 loading class java/util/concurrent/ConcurrentLinkedQueue$Node
Event: 0.376 loading class java/util/concurrent/ConcurrentLinkedQueue$Node done


Dynamic libraries:
0x00007ff650b10000 - 0x00007ff650b41000 	C:\Program Files\Android\Android Studio2\jre\bin\java.exe
0x00007ffc358c0000 - 0x00007ffc35ab0000 	C:\windows\SYSTEM32\ntdll.dll
0x00007ffc34190000 - 0x00007ffc34242000 	C:\windows\System32\KERNEL32.DLL
0x00007ffc33020000 - 0x00007ffc332c4000 	C:\windows\System32\KERNELBASE.dll
0x00007ffc34a40000 - 0x00007ffc34ae3000 	C:\windows\System32\ADVAPI32.dll
0x00007ffc33f40000 - 0x00007ffc33fde000 	C:\windows\System32\msvcrt.dll
0x00007ffc34940000 - 0x00007ffc349d7000 	C:\windows\System32\sechost.dll
0x00007ffc34dc0000 - 0x00007ffc34ee0000 	C:\windows\System32\RPCRT4.dll
0x00007ffc33da0000 - 0x00007ffc33f34000 	C:\windows\System32\USER32.dll
0x00007ffc33380000 - 0x00007ffc333a1000 	C:\windows\System32\win32u.dll
0x00007ffc34c30000 - 0x00007ffc34c56000 	C:\windows\System32\GDI32.dll
0x00007ffc33780000 - 0x00007ffc33914000 	C:\windows\System32\gdi32full.dll
0x00007ffc33600000 - 0x00007ffc3369e000 	C:\windows\System32\msvcp_win.dll
0x00007ffc33500000 - 0x00007ffc335fa000 	C:\windows\System32\ucrtbase.dll
0x00007ffc1d6e0000 - 0x00007ffc1d964000 	C:\windows\WinSxS\amd64_microsoft.windows.common-controls_6595b64144ccf1df_6.0.18362.836_none_e6c4b943130f18ed\COMCTL32.dll
0x00007ffc33970000 - 0x00007ffc33ca6000 	C:\windows\System32\combase.dll
0x00007ffc336a0000 - 0x00007ffc33720000 	C:\windows\System32\bcryptPrimitives.dll
0x00007ffc34c60000 - 0x00007ffc34c8e000 	C:\windows\System32\IMM32.DLL
0x00000000751a0000 - 0x0000000075272000 	C:\Program Files\Android\Android Studio2\jre\jre\bin\msvcr100.dll
0x0000000074950000 - 0x000000007519b000 	C:\Program Files\Android\Android Studio2\jre\jre\bin\server\jvm.dll
0x00007ffc34f60000 - 0x00007ffc34f68000 	C:\windows\System32\PSAPI.DLL
0x00007ffc2d240000 - 0x00007ffc2d249000 	C:\windows\SYSTEM32\WSOCK32.dll
0x00007ffc2af80000 - 0x00007ffc2af8a000 	C:\windows\SYSTEM32\VERSION.dll
0x00007ffc2e070000 - 0x00007ffc2e094000 	C:\windows\SYSTEM32\WINMM.dll
0x00007ffc34ef0000 - 0x00007ffc34f5f000 	C:\windows\System32\WS2_32.dll
0x00007ffc2e040000 - 0x00007ffc2e06d000 	C:\windows\SYSTEM32\WINMMBASE.dll
0x00007ffc33920000 - 0x00007ffc3396a000 	C:\windows\System32\cfgmgr32.dll
0x00007ffc1e730000 - 0x00007ffc1e73f000 	C:\Program Files\Android\Android Studio2\jre\jre\bin\verify.dll
0x00007ffbfb710000 - 0x00007ffbfb739000 	C:\Program Files\Android\Android Studio2\jre\jre\bin\java.dll
0x00007ffbfdc60000 - 0x00007ffbfdc76000 	C:\Program Files\Android\Android Studio2\jre\jre\bin\zip.dll
0x00007ffc34250000 - 0x00007ffc34934000 	C:\windows\System32\SHELL32.dll
0x00007ffc34d10000 - 0x00007ffc34db9000 	C:\windows\System32\shcore.dll
0x00007ffc32880000 - 0x00007ffc32ffe000 	C:\windows\System32\windows.storage.dll
0x00007ffc32820000 - 0x00007ffc32843000 	C:\windows\System32\profapi.dll
0x00007ffc327d0000 - 0x00007ffc3281a000 	C:\windows\System32\powrprof.dll
0x00007ffc32780000 - 0x00007ffc32790000 	C:\windows\System32\UMPDC.dll
0x00007ffc349e0000 - 0x00007ffc34a32000 	C:\windows\System32\shlwapi.dll
0x00007ffc32790000 - 0x00007ffc327a1000 	C:\windows\System32\kernel.appcore.dll
0x00007ffc33000000 - 0x00007ffc33017000 	C:\windows\System32\cryptsp.dll
0x00007ffbfd410000 - 0x00007ffbfd42a000 	C:\Program Files\Android\Android Studio2\jre\jre\bin\net.dll
0x00007ffc31ff0000 - 0x00007ffc32057000 	C:\windows\system32\mswsock.dll
0x00007ffbfb6f0000 - 0x00007ffbfb703000 	C:\Program Files\Android\Android Studio2\jre\jre\bin\nio.dll

VM Arguments:
jvm_args: -Dcom.android.sdklib.toolsdir=C:\Users\Magesh\AppData\Local\Android\Sdk\tools\bin\\.. 
java_command: com.android.sdklib.tool.sdkmanager.SdkManagerCli --list
java_class_path (initial): C:\Users\Magesh\AppData\Local\Android\Sdk\tools\bin\..\lib\dvlib-26.0.0-dev.jar;C:\Users\Magesh\AppData\Local\Android\Sdk\tools\bin\..\lib\jimfs-1.1.jar;C:\Users\Magesh\AppData\Local\Android\Sdk\tools\bin\..\lib\jsr305-1.3.9.jar;C:\Users\Magesh\AppData\Local\Android\Sdk\tools\bin\..\lib\repository-26.0.0-dev.jar;C:\Users\Magesh\AppData\Local\Android\Sdk\tools\bin\..\lib\j2objc-annotations-1.1.jar;C:\Users\Magesh\AppData\Local\Android\Sdk\tools\bin\..\lib\layoutlib-api-26.0.0-dev.jar;C:\Users\Magesh\AppData\Local\Android\Sdk\tools\bin\..\lib\gson-2.3.jar;C:\Users\Magesh\AppData\Local\Android\Sdk\tools\bin\..\lib\httpcore-4.2.5.jar;C:\Users\Magesh\AppData\Local\Android\Sdk\tools\bin\..\lib\commons-logging-1.1.1.jar;C:\Users\Magesh\AppData\Local\Android\Sdk\tools\bin\..\lib\commons-compress-1.12.jar;C:\Users\Magesh\AppData\Local\Android\Sdk\tools\bin\..\lib\annotations-26.0.0-dev.jar;C:\Users\Magesh\AppData\Local\Android\Sdk\tools\bin\..\lib\error_prone_annotations-2.0.18.jar;C:\Users\Magesh\AppData\Local\Android\Sdk\tools\bin\..\lib\animal-sniffer-annotations-1.14.jar;C:\Users\Magesh\AppData\Local\Android\Sdk\tools\bin\..\lib\httpclient-4.2.6.jar;C:\Users\Magesh\AppData\Local\Android\Sdk\tools\bin\..\lib\commons-codec-1.6.jar;C:\Users\Magesh\AppData\Local\Android\Sdk\tools\bin\..\lib\common-26.0.0-dev.jar;C:\Users\Magesh\AppData\Local\Android\Sdk\tools\bin\..\lib\kxml2-2.3.0.jar;C:\Users\Magesh\AppData\Local\Android\Sdk\tools\bin\..\lib\httpmime-4.1.jar;C:\Users\Magesh\AppData\Local\Android\Sdk\tools\bin\..\lib\annotations-12.0.jar;C:\Users\Magesh\AppData\Local\Android\Sdk\tools\bin\..\lib\sdklib-26.0.0-dev.jar;C:\Users\Magesh\AppData\Local\Android\Sdk\tools\bin\..\lib\guava-22.0.jar
Launcher Type: SUN_STANDARD

Environment Variables:
JAVA_HOME=C:\Program Files\Android\Android Studio2\jre
CLASSPATH=C:\Users\Magesh\AppData\Local\Android\Sdk\tools\bin\..\lib\dvlib-26.0.0-dev.jar;C:\Users\Magesh\AppData\Local\Android\Sdk\tools\bin\..\lib\jimfs-1.1.jar;C:\Users\Magesh\AppData\Local\Android\Sdk\tools\bin\..\lib\jsr305-1.3.9.jar;C:\Users\Magesh\AppData\Local\Android\Sdk\tools\bin\..\lib\repository-26.0.0-dev.jar;C:\Users\Magesh\AppData\Local\Android\Sdk\tools\bin\..\lib\j2objc-annotations-1.1.jar;C:\Users\Magesh\AppData\Local\Android\Sdk\tools\bin\..\lib\layoutlib-api-26.0.0-dev.jar;C:\Users\Magesh\AppData\Local\Android\Sdk\tools\bin\..\lib\gson-2.3.jar;C:\Users\Magesh\AppData\Local\Android\Sdk\tools\bin\..\lib\httpcore-4.2.5.jar;C:\Users\Magesh\AppData\Local\Android\Sdk\tools\bin\..\lib\commons-logging-1.1.1.jar;C:\Users\Magesh\AppData\Local\Android\Sdk\tools\bin\..\lib\commons-compress-1.12.jar;C:\Users\Magesh\AppData\Local\Android\Sdk\tools\bin\..\lib\annotations-26.0.0-dev.jar;C:\Users\Magesh\AppData\Local\Android\Sdk\tools\bin\..\lib\error_prone_annotations-2.0.18.jar;C:\Users\Magesh\AppData\Local\Android\Sdk\tools\bin\..\lib\animal-sniffer-annotations-1.14.jar;C:\Users\Magesh\AppData\Local\Android\Sdk\tools\bin\..\lib\httpclient-4.2.6.jar;C:\Users\Magesh\AppData\Local\Android\Sdk\tools\bin\..\lib\commons-codec-1.6.jar;C:\Users\Magesh\AppData\Local\Android\Sdk\tools\bin\..\lib\common-26.0.0-dev.jar;C:\Users\Magesh\AppData\Local\Android\Sdk\tools\bin\..\lib\kxml2-2.3.0.jar;C:\Users\Magesh\AppData\Local\Android\Sdk\tools\bin\..\lib\httpmime-4.1.jar;C:\Users\Magesh\AppData\Local\Android\Sdk\tools\bin\..\lib\annotations-12.0.jar;C:\Users\Magesh\AppData\Local\Android\Sdk\tools\bin\..\lib\sdklib-26.0.0-dev.jar;C:\Users\Magesh\AppData\Local\Android\Sdk\tools\bin\..\lib\guava-22.0.jar
PATH=C:\app\Magesh\product\18.0.0\dbhomeXE\bin;C:\windows\system32;C:\windows;C:\windows\System32\Wbem;C:\windows\System32\WindowsPowerShell\v1.0\;C:\windows\System32\OpenSSH\;C:\Program Files (x86)\NVIDIA Corporation\PhysX\Common;C:\Program Files\NVIDIA Corporation\NVIDIA NvDLISR;C:\Program Files\dotnet\;C:\Program Files\Java\jdk-12.0.2\bin;C:\Program Files\nodejs\;C:\ProgramData\chocolatey\bin;C:\Users\Magesh\AppData\Local\Microsoft\WindowsApps;C:\Users\Magesh\AppData\Local\Programs\Microsoft VS Code\bin;C:\Users\Magesh\AppData\Local\Google\Cloud SDK\google-cloud-sdk\bin;C:\Users\Magesh\AppData\Roaming\npm
USERNAME=Magesh
OS=Windows_NT
PROCESSOR_IDENTIFIER=Intel64 Family 6 Model 142 Stepping 12, GenuineIntel



---------------  S Y S T E M  ---------------

OS: Windows 10.0 , 64 bit Build 18362 (10.0.18362.778)

CPU:total 8 (initial active 8) (4 cores per cpu, 2 threads per core) family 6 model 142 stepping 12, cmov, cx8, fxsr, mmx, sse, sse2, sse3, ssse3, sse4.1, sse4.2, popcnt, avx, avx2, aes, clmul, erms, 3dnowpref, lzcnt, ht, tsc, tscinvbit, bmi1, bmi2, adx

Memory: 4k page, physical 8187892k(1221188k free), swap 11259892k(5140k free)

vm_info: OpenJDK 64-Bit Server VM (25.242-b01) for windows-amd64 JRE (1.8.0_242-release-1644-b01), built by "builder" with MS VC++ 10.0 (VS2010)

time: Sat Jul 25 21:59:26 2020
timezone: India Standard Time
elapsed time: 0 seconds (0d 0h 0m 0s)

