#
# There is insufficient memory for the Java Runtime Environment to continue.
# Native memory allocation (malloc) failed to allocate 32744 bytes for ChunkPool::allocate
# Possible reasons:
#   The system is out of physical RAM or swap space
#   The process is running with CompressedOops enabled, and the Java Heap may be blocking the growth of the native heap
# Possible solutions:
#   Reduce memory load on the system
#   Increase physical memory or swap space
#   Check if swap backing store is full
#   Decrease Java heap size (-Xmx/-Xms)
#   Decrease number of Java threads
#   Decrease Java thread stack sizes (-Xss)
#   Set larger code cache with -XX:ReservedCodeCacheSize=
#   JVM is running with Unscaled Compressed Oops mode in which the Java heap is
#     placed in the first 4GB address space. The Java Heap base address is the
#     maximum limit for the native heap growth. Please use -XX:HeapBaseMinAddress
#     to set the Java Heap base and to place the Java Heap above 4GB virtual address.
# This output file may be truncated or incomplete.
#
#  Out of Memory Error (allocation.cpp:272), pid=33016, tid=0x000000000000afd8
#
# JRE version: OpenJDK Runtime Environment (8.0_242-b01) (build 1.8.0_242-release-1644-b01)
# Java VM: OpenJDK 64-Bit Server VM (25.242-b01 mixed mode windows-amd64 compressed oops)
# Failed to write core dump. Minidumps are not enabled by default on client versions of Windows
#

---------------  T H R E A D  ---------------

Current thread (0x0000000019619000):  JavaThread "C1 CompilerThread3" daemon [_thread_in_native, id=45016, stack(0x000000001a1d0000,0x000000001a2d0000)]

Stack: [0x000000001a1d0000,0x000000001a2d0000]
[error occurred during error reporting (printing stack bounds), id 0xc0000005]

Native frames: (J=compiled Java code, j=interpreted, Vv=VM code, C=native code)


Current CompileTask:
C1:   2231 1470       3       java.net.URLStreamHandler::parseURL (1193 bytes)


---------------  P R O C E S S  ---------------

Java Threads: ( => current thread )
  0x00000000196b2000 JavaThread "Service Thread" daemon [_thread_blocked, id=7236, stack(0x000000001a2d0000,0x000000001a3d0000)]
=>0x0000000019619000 JavaThread "C1 CompilerThread3" daemon [_thread_in_native, id=45016, stack(0x000000001a1d0000,0x000000001a2d0000)]
  0x000000001961a000 JavaThread "C2 CompilerThread2" daemon [_thread_blocked, id=3872, stack(0x000000001a0d0000,0x000000001a1d0000)]
  0x000000001960b000 JavaThread "C2 CompilerThread1" daemon [_thread_blocked, id=32236, stack(0x0000000019fd0000,0x000000001a0d0000)]
  0x0000000019607000 JavaThread "C2 CompilerThread0" daemon [_thread_in_native, id=40976, stack(0x0000000019ed0000,0x0000000019fd0000)]
  0x0000000019600800 JavaThread "Attach Listener" daemon [_thread_blocked, id=24148, stack(0x0000000019dd0000,0x0000000019ed0000)]
  0x0000000019600000 JavaThread "Signal Dispatcher" daemon [_thread_blocked, id=40284, stack(0x0000000019cd0000,0x0000000019dd0000)]
  0x00000000195f1000 JavaThread "Finalizer" daemon [_thread_blocked, id=45504, stack(0x0000000019ad0000,0x0000000019bd0000)]
  0x00000000195f0800 JavaThread "Reference Handler" daemon [_thread_blocked, id=33540, stack(0x00000000199d0000,0x0000000019ad0000)]
  0x0000000002853800 JavaThread "main" [_thread_in_native, id=35616, stack(0x0000000002750000,0x0000000002850000)]

Other Threads:
  0x00000000177f6000 VMThread [stack: 0x00000000194d0000,0x00000000195d0000] [id=44268]
  0x00000000196b3800 WatcherThread [stack: 0x000000001a3d0000,0x000000001a4d0000] [id=42968]

VM state:not at safepoint (normal execution)

VM Mutex/Monitor currently owned by a thread: None

heap address: 0x0000000083000000, size: 2000 MB, Compressed Oops mode: 32-bit
Narrow klass base: 0x0000000000000000, Narrow klass shift: 3
Compressed class space size: 1073741824 Address: 0x0000000100000000

Heap:
 PSYoungGen      total 37888K, used 23012K [0x00000000d6580000, 0x00000000d9000000, 0x0000000100000000)
  eden space 32768K, 58% used [0x00000000d6580000,0x00000000d7851f40,0x00000000d8580000)
  from space 5120K, 73% used [0x00000000d8a80000,0x00000000d8e27248,0x00000000d8f80000)
  to   space 5120K, 0% used [0x00000000d8580000,0x00000000d8580000,0x00000000d8a80000)
 ParOldGen       total 66560K, used 810K [0x0000000083000000, 0x0000000087100000, 0x00000000d6580000)
  object space 66560K, 1% used [0x0000000083000000,0x00000000830ca930,0x0000000087100000)
 Metaspace       used 13386K, capacity 13682K, committed 13824K, reserved 1060864K
  class space    used 1601K, capacity 1720K, committed 1792K, reserved 1048576K

Card table byte_map: [0x0000000011d10000,0x0000000012100000] byte_map_base: 0x00000000118f8000

Marking Bits: (ParMarkBitMap*) 0x000000007511f030
 Begin Bits: [0x0000000012ba0000, 0x0000000014ae0000)
 End Bits:   [0x0000000014ae0000, 0x0000000016a20000)

Polling page: 0x00000000009e0000

CodeCache: size=245760Kb used=4919Kb max_used=4933Kb free=240840Kb
 bounds [0x0000000002950000, 0x0000000002e30000, 0x0000000011950000]
 total_blobs=1848 nmethods=1477 adapters=284
 compilation: enabled

Compilation events (10 events):
Event: 2.013 Thread 0x0000000019619000 nmethod 1465 0x0000000002e19750 code [0x0000000002e198c0, 0x0000000002e19c68]
Event: 2.013 Thread 0x0000000019619000 1466       3       com.sun.org.apache.xerces.internal.util.XMLGrammarPoolImpl::hashCode (5 bytes)
Event: 2.013 Thread 0x0000000019619000 nmethod 1466 0x0000000002e19310 code [0x0000000002e19480, 0x0000000002e196a8]
Event: 2.013 Thread 0x0000000019619000 1467       3       sun.nio.ch.FileDispatcherImpl::read (8 bytes)
Event: 2.013 Thread 0x0000000019619000 nmethod 1467 0x0000000002e18f90 code [0x0000000002e19100, 0x0000000002e19288]
Event: 2.016 Thread 0x0000000019619000 1469       3       sun.net.www.protocol.file.Handler::parseURL (18 bytes)
Event: 2.016 Thread 0x0000000019619000 nmethod 1469 0x0000000002e18a90 code [0x0000000002e18c00, 0x0000000002e18e78]
Event: 2.016 Thread 0x000000001960b000 nmethod 1459 0x0000000002e18090 code [0x0000000002e181e0, 0x0000000002e187b8]
Event: 2.017 Thread 0x0000000019619000 1470       3       java.net.URLStreamHandler::parseURL (1193 bytes)
Event: 2.024 Thread 0x000000001961a000 1475       4       java.util.Properties::getProperty (46 bytes)

GC Heap History (6 events):
Event: 0.291 GC heap before
{Heap before GC invocations=1 (full 0):
 PSYoungGen      total 37888K, used 3941K [0x00000000d6580000, 0x00000000d8f80000, 0x0000000100000000)
  eden space 32768K, 12% used [0x00000000d6580000,0x00000000d6959598,0x00000000d8580000)
  from space 5120K, 0% used [0x00000000d8a80000,0x00000000d8a80000,0x00000000d8f80000)
  to   space 5120K, 0% used [0x00000000d8580000,0x00000000d8580000,0x00000000d8a80000)
 ParOldGen       total 86016K, used 0K [0x0000000083000000, 0x0000000088400000, 0x00000000d6580000)
  object space 86016K, 0% used [0x0000000083000000,0x0000000083000000,0x0000000088400000)
 Metaspace       used 4091K, capacity 4812K, committed 4864K, reserved 1056768K
  class space    used 438K, capacity 502K, committed 512K, reserved 1048576K
Event: 0.293 GC heap after
Heap after GC invocations=1 (full 0):
 PSYoungGen      total 37888K, used 928K [0x00000000d6580000, 0x00000000d8f80000, 0x0000000100000000)
  eden space 32768K, 0% used [0x00000000d6580000,0x00000000d6580000,0x00000000d8580000)
  from space 5120K, 18% used [0x00000000d8580000,0x00000000d8668000,0x00000000d8a80000)
  to   space 5120K, 0% used [0x00000000d8a80000,0x00000000d8a80000,0x00000000d8f80000)
 ParOldGen       total 86016K, used 8K [0x0000000083000000, 0x0000000088400000, 0x00000000d6580000)
  object space 86016K, 0% used [0x0000000083000000,0x0000000083002000,0x0000000088400000)
 Metaspace       used 4091K, capacity 4812K, committed 4864K, reserved 1056768K
  class space    used 438K, capacity 502K, committed 512K, reserved 1048576K
}
Event: 0.293 GC heap before
{Heap before GC invocations=2 (full 1):
 PSYoungGen      total 37888K, used 928K [0x00000000d6580000, 0x00000000d8f80000, 0x0000000100000000)
  eden space 32768K, 0% used [0x00000000d6580000,0x00000000d6580000,0x00000000d8580000)
  from space 5120K, 18% used [0x00000000d8580000,0x00000000d8668000,0x00000000d8a80000)
  to   space 5120K, 0% used [0x00000000d8a80000,0x00000000d8a80000,0x00000000d8f80000)
 ParOldGen       total 86016K, used 8K [0x0000000083000000, 0x0000000088400000, 0x00000000d6580000)
  object space 86016K, 0% used [0x0000000083000000,0x0000000083002000,0x0000000088400000)
 Metaspace       used 4091K, capacity 4812K, committed 4864K, reserved 1056768K
  class space    used 438K, capacity 502K, committed 512K, reserved 1048576K
Event: 0.422 GC heap after
Heap after GC invocations=2 (full 1):
 PSYoungGen      total 37888K, used 0K [0x00000000d6580000, 0x00000000d8f80000, 0x0000000100000000)
  eden space 32768K, 0% used [0x00000000d6580000,0x00000000d6580000,0x00000000d8580000)
  from space 5120K, 0% used [0x00000000d8580000,0x00000000d8580000,0x00000000d8a80000)
  to   space 5120K, 0% used [0x00000000d8a80000,0x00000000d8a80000,0x00000000d8f80000)
 ParOldGen       total 66560K, used 738K [0x0000000083000000, 0x0000000087100000, 0x00000000d6580000)
  object space 66560K, 1% used [0x0000000083000000,0x00000000830b8920,0x0000000087100000)
 Metaspace       used 4091K, capacity 4812K, committed 4864K, reserved 1056768K
  class space    used 438K, capacity 502K, committed 512K, reserved 1048576K
}
Event: 1.906 GC heap before
{Heap before GC invocations=3 (full 1):
 PSYoungGen      total 37888K, used 32768K [0x00000000d6580000, 0x00000000d8f80000, 0x0000000100000000)
  eden space 32768K, 100% used [0x00000000d6580000,0x00000000d8580000,0x00000000d8580000)
  from space 5120K, 0% used [0x00000000d8580000,0x00000000d8580000,0x00000000d8a80000)
  to   space 5120K, 0% used [0x00000000d8a80000,0x00000000d8a80000,0x00000000d8f80000)
 ParOldGen       total 66560K, used 738K [0x0000000083000000, 0x0000000087100000, 0x00000000d6580000)
  object space 66560K, 1% used [0x0000000083000000,0x00000000830b8920,0x0000000087100000)
 Metaspace       used 13084K, capacity 13342K, committed 13440K, reserved 1060864K
  class space    used 1566K, capacity 1651K, committed 1664K, reserved 1048576K
Event: 1.910 GC heap after
Heap after GC invocations=3 (full 1):
 PSYoungGen      total 37888K, used 3740K [0x00000000d6580000, 0x00000000d9000000, 0x0000000100000000)
  eden space 32768K, 0% used [0x00000000d6580000,0x00000000d6580000,0x00000000d8580000)
  from space 5120K, 73% used [0x00000000d8a80000,0x00000000d8e27248,0x00000000d8f80000)
  to   space 5120K, 0% used [0x00000000d8580000,0x00000000d8580000,0x00000000d8a80000)
 ParOldGen       total 66560K, used 810K [0x0000000083000000, 0x0000000087100000, 0x00000000d6580000)
  object space 66560K, 1% used [0x0000000083000000,0x00000000830ca930,0x0000000087100000)
 Metaspace       used 13084K, capacity 13342K, committed 13440K, reserved 1060864K
  class space    used 1566K, capacity 1651K, committed 1664K, reserved 1048576K
}

Deoptimization events (10 events):
Event: 1.646 Thread 0x0000000002853800 Uncommon trap: reason=class_check action=maybe_recompile pc=0x0000000002cab968 method=java.util.regex.Pattern$GroupHead.match(Ljava/util/regex/Matcher;ILjava/lang/CharSequence;)Z @ 28
Event: 1.646 Thread 0x0000000002853800 Uncommon trap: reason=class_check action=maybe_recompile pc=0x0000000002cab968 method=java.util.regex.Pattern$GroupHead.match(Ljava/util/regex/Matcher;ILjava/lang/CharSequence;)Z @ 28
Event: 1.646 Thread 0x0000000002853800 Uncommon trap: reason=class_check action=maybe_recompile pc=0x0000000002cab968 method=java.util.regex.Pattern$GroupHead.match(Ljava/util/regex/Matcher;ILjava/lang/CharSequence;)Z @ 28
Event: 1.646 Thread 0x0000000002853800 Uncommon trap: reason=class_check action=maybe_recompile pc=0x0000000002cab968 method=java.util.regex.Pattern$GroupHead.match(Ljava/util/regex/Matcher;ILjava/lang/CharSequence;)Z @ 28
Event: 1.677 Thread 0x0000000002853800 Uncommon trap: reason=unstable_if action=reinterpret pc=0x0000000002ccd568 method=java.util.regex.Matcher.search(I)Z @ 30
Event: 1.677 Thread 0x0000000002853800 Uncommon trap: reason=unstable_if action=reinterpret pc=0x0000000002cbc424 method=java.util.regex.Pattern$Start.match(Ljava/util/regex/Matcher;ILjava/lang/CharSequence;)Z @ 10
Event: 1.709 Thread 0x0000000002853800 Uncommon trap: reason=bimorphic action=maybe_recompile pc=0x0000000002cdcdec method=java.util.regex.Pattern$Curly.match0(Ljava/util/regex/Matcher;IILjava/lang/CharSequence;)Z @ 31
Event: 1.709 Thread 0x0000000002853800 Uncommon trap: reason=bimorphic action=maybe_recompile pc=0x0000000002cdcdec method=java.util.regex.Pattern$Curly.match0(Ljava/util/regex/Matcher;IILjava/lang/CharSequence;)Z @ 31
Event: 1.709 Thread 0x0000000002853800 Uncommon trap: reason=bimorphic action=maybe_recompile pc=0x0000000002cdcdec method=java.util.regex.Pattern$Curly.match0(Ljava/util/regex/Matcher;IILjava/lang/CharSequence;)Z @ 31
Event: 1.709 Thread 0x0000000002853800 Uncommon trap: reason=bimorphic action=maybe_recompile pc=0x0000000002cdcdec method=java.util.regex.Pattern$Curly.match0(Ljava/util/regex/Matcher;IILjava/lang/CharSequence;)Z @ 31

Classes redefined (0 events):
No events

Internal exceptions (10 events):
Event: 1.924 Thread 0x0000000002853800 Exception <a 'sun/nio/fs/WindowsException'> (0x00000000d65eccf8) thrown at [C:\src\AOSP-openjdk-git\hotspot\src\share\vm\prims\jni.cpp, line 710]
Event: 1.924 Thread 0x0000000002853800 Exception <a 'sun/nio/fs/WindowsException'> (0x00000000d65ecf58) thrown at [C:\src\AOSP-openjdk-git\hotspot\src\share\vm\prims\jni.cpp, line 710]
Event: 1.926 Thread 0x0000000002853800 Exception <a 'sun/nio/fs/WindowsException'> (0x00000000d65ef558) thrown at [C:\src\AOSP-openjdk-git\hotspot\src\share\vm\prims\jni.cpp, line 710]
Event: 1.926 Thread 0x0000000002853800 Exception <a 'sun/nio/fs/WindowsException'> (0x00000000d65ef848) thrown at [C:\src\AOSP-openjdk-git\hotspot\src\share\vm\prims\jni.cpp, line 710]
Event: 1.926 Thread 0x0000000002853800 Exception <a 'sun/nio/fs/WindowsException'> (0x00000000d65f02c0) thrown at [C:\src\AOSP-openjdk-git\hotspot\src\share\vm\prims\jni.cpp, line 710]
Event: 1.926 Thread 0x0000000002853800 Exception <a 'sun/nio/fs/WindowsException'> (0x00000000d65f0520) thrown at [C:\src\AOSP-openjdk-git\hotspot\src\share\vm\prims\jni.cpp, line 710]
Event: 1.929 Thread 0x0000000002853800 Exception <a 'sun/nio/fs/WindowsException'> (0x00000000d65f6030) thrown at [C:\src\AOSP-openjdk-git\hotspot\src\share\vm\prims\jni.cpp, line 710]
Event: 1.930 Thread 0x0000000002853800 Exception <a 'sun/nio/fs/WindowsException'> (0x00000000d65f6320) thrown at [C:\src\AOSP-openjdk-git\hotspot\src\share\vm\prims\jni.cpp, line 710]
Event: 1.930 Thread 0x0000000002853800 Exception <a 'sun/nio/fs/WindowsException'> (0x00000000d65f6d70) thrown at [C:\src\AOSP-openjdk-git\hotspot\src\share\vm\prims\jni.cpp, line 710]
Event: 1.930 Thread 0x0000000002853800 Exception <a 'sun/nio/fs/WindowsException'> (0x00000000d65f6fd0) thrown at [C:\src\AOSP-openjdk-git\hotspot\src\share\vm\prims\jni.cpp, line 710]

Events (10 events):
Event: 1.916 loading class com/android/sdklib/repository/AndroidSdkHandler
Event: 1.916 loading class com/android/sdklib/repository/AndroidSdkHandler done
Event: 1.916 loading class com/android/repository/api/RepoManager$RepoLoadedCallback
Event: 1.916 loading class com/android/repository/api/RepoManager$RepoLoadedCallback done
Event: 1.941 Thread 0x0000000002853800 DEOPT PACKING pc=0x0000000002be514c sp=0x000000000284e480
Event: 1.941 Thread 0x0000000002853800 DEOPT UNPACKING pc=0x00000000029975d0 sp=0x000000000284e2f8 mode 0
Event: 1.985 Thread 0x0000000002853800 DEOPT PACKING pc=0x0000000002be514c sp=0x000000000284e390
Event: 1.985 Thread 0x0000000002853800 DEOPT UNPACKING pc=0x00000000029975d0 sp=0x000000000284e208 mode 0
Event: 2.024 Thread 0x0000000002853800 DEOPT PACKING pc=0x0000000002be514c sp=0x000000000284e470
Event: 2.024 Thread 0x0000000002853800 DEOPT UNPACKING pc=0x00000000029975d0 sp=0x000000000284e2e8 mode 0


Dynamic libraries:
0x00007ff650b10000 - 0x00007ff650b41000 	C:\Program Files\Android\Android Studio2\jre\bin\java.exe
0x00007ffc358c0000 - 0x00007ffc35ab0000 	C:\windows\SYSTEM32\ntdll.dll
0x00007ffc34190000 - 0x00007ffc34242000 	C:\windows\System32\KERNEL32.DLL
0x00007ffc33020000 - 0x00007ffc332c4000 	C:\windows\System32\KERNELBASE.dll
0x00007ffc34a40000 - 0x00007ffc34ae3000 	C:\windows\System32\ADVAPI32.dll
0x00007ffc33f40000 - 0x00007ffc33fde000 	C:\windows\System32\msvcrt.dll
0x00007ffc34940000 - 0x00007ffc349d7000 	C:\windows\System32\sechost.dll
0x00007ffc34dc0000 - 0x00007ffc34ee0000 	C:\windows\System32\RPCRT4.dll
0x00007ffc33da0000 - 0x00007ffc33f34000 	C:\windows\System32\USER32.dll
0x00007ffc33380000 - 0x00007ffc333a1000 	C:\windows\System32\win32u.dll
0x00007ffc34c30000 - 0x00007ffc34c56000 	C:\windows\System32\GDI32.dll
0x00007ffc33780000 - 0x00007ffc33914000 	C:\windows\System32\gdi32full.dll
0x00007ffc33600000 - 0x00007ffc3369e000 	C:\windows\System32\msvcp_win.dll
0x00007ffc33500000 - 0x00007ffc335fa000 	C:\windows\System32\ucrtbase.dll
0x00007ffc1d6e0000 - 0x00007ffc1d964000 	C:\windows\WinSxS\amd64_microsoft.windows.common-controls_6595b64144ccf1df_6.0.18362.836_none_e6c4b943130f18ed\COMCTL32.dll
0x00007ffc33970000 - 0x00007ffc33ca6000 	C:\windows\System32\combase.dll
0x00007ffc336a0000 - 0x00007ffc33720000 	C:\windows\System32\bcryptPrimitives.dll
0x00007ffc34c60000 - 0x00007ffc34c8e000 	C:\windows\System32\IMM32.DLL
0x00000000751a0000 - 0x0000000075272000 	C:\Program Files\Android\Android Studio2\jre\jre\bin\msvcr100.dll
0x0000000074950000 - 0x000000007519b000 	C:\Program Files\Android\Android Studio2\jre\jre\bin\server\jvm.dll
0x00007ffc34f60000 - 0x00007ffc34f68000 	C:\windows\System32\PSAPI.DLL
0x00007ffc2af80000 - 0x00007ffc2af8a000 	C:\windows\SYSTEM32\VERSION.dll
0x00007ffc2e070000 - 0x00007ffc2e094000 	C:\windows\SYSTEM32\WINMM.dll
0x00007ffc2d240000 - 0x00007ffc2d249000 	C:\windows\SYSTEM32\WSOCK32.dll
0x00007ffc34ef0000 - 0x00007ffc34f5f000 	C:\windows\System32\WS2_32.dll
0x00007ffc2e040000 - 0x00007ffc2e06d000 	C:\windows\SYSTEM32\winmmbase.dll
0x00007ffc33920000 - 0x00007ffc3396a000 	C:\windows\System32\cfgmgr32.dll
0x00007ffc1e730000 - 0x00007ffc1e73f000 	C:\Program Files\Android\Android Studio2\jre\jre\bin\verify.dll
0x00007ffbfb710000 - 0x00007ffbfb739000 	C:\Program Files\Android\Android Studio2\jre\jre\bin\java.dll
0x00007ffbfdc60000 - 0x00007ffbfdc76000 	C:\Program Files\Android\Android Studio2\jre\jre\bin\zip.dll
0x00007ffc34250000 - 0x00007ffc34934000 	C:\windows\System32\SHELL32.dll
0x00007ffc34d10000 - 0x00007ffc34db9000 	C:\windows\System32\shcore.dll
0x00007ffc32880000 - 0x00007ffc32ffe000 	C:\windows\System32\windows.storage.dll
0x00007ffc32820000 - 0x00007ffc32843000 	C:\windows\System32\profapi.dll
0x00007ffc327d0000 - 0x00007ffc3281a000 	C:\windows\System32\powrprof.dll
0x00007ffc32780000 - 0x00007ffc32790000 	C:\windows\System32\UMPDC.dll
0x00007ffc349e0000 - 0x00007ffc34a32000 	C:\windows\System32\shlwapi.dll
0x00007ffc32790000 - 0x00007ffc327a1000 	C:\windows\System32\kernel.appcore.dll
0x00007ffc33000000 - 0x00007ffc33017000 	C:\windows\System32\cryptsp.dll
0x00007ffbfd410000 - 0x00007ffbfd42a000 	C:\Program Files\Android\Android Studio2\jre\jre\bin\net.dll
0x00007ffc31ff0000 - 0x00007ffc32057000 	C:\windows\system32\mswsock.dll
0x00007ffbfb6f0000 - 0x00007ffbfb703000 	C:\Program Files\Android\Android Studio2\jre\jre\bin\nio.dll

VM Arguments:
jvm_args: -Dcom.android.sdklib.toolsdir=C:\Users\Magesh\AppData\Local\Android\Sdk\tools\bin\\.. 
java_command: com.android.sdklib.tool.sdkmanager.SdkManagerCli --list
java_class_path (initial): C:\Users\Magesh\AppData\Local\Android\Sdk\tools\bin\..\lib\dvlib-26.0.0-dev.jar;C:\Users\Magesh\AppData\Local\Android\Sdk\tools\bin\..\lib\jimfs-1.1.jar;C:\Users\Magesh\AppData\Local\Android\Sdk\tools\bin\..\lib\jsr305-1.3.9.jar;C:\Users\Magesh\AppData\Local\Android\Sdk\tools\bin\..\lib\repository-26.0.0-dev.jar;C:\Users\Magesh\AppData\Local\Android\Sdk\tools\bin\..\lib\j2objc-annotations-1.1.jar;C:\Users\Magesh\AppData\Local\Android\Sdk\tools\bin\..\lib\layoutlib-api-26.0.0-dev.jar;C:\Users\Magesh\AppData\Local\Android\Sdk\tools\bin\..\lib\gson-2.3.jar;C:\Users\Magesh\AppData\Local\Android\Sdk\tools\bin\..\lib\httpcore-4.2.5.jar;C:\Users\Magesh\AppData\Local\Android\Sdk\tools\bin\..\lib\commons-logging-1.1.1.jar;C:\Users\Magesh\AppData\Local\Android\Sdk\tools\bin\..\lib\commons-compress-1.12.jar;C:\Users\Magesh\AppData\Local\Android\Sdk\tools\bin\..\lib\annotations-26.0.0-dev.jar;C:\Users\Magesh\AppData\Local\Android\Sdk\tools\bin\..\lib\error_prone_annotations-2.0.18.jar;C:\Users\Magesh\AppData\Local\Android\Sdk\tools\bin\..\lib\animal-sniffer-annotations-1.14.jar;C:\Users\Magesh\AppData\Local\Android\Sdk\tools\bin\..\lib\httpclient-4.2.6.jar;C:\Users\Magesh\AppData\Local\Android\Sdk\tools\bin\..\lib\commons-codec-1.6.jar;C:\Users\Magesh\AppData\Local\Android\Sdk\tools\bin\..\lib\common-26.0.0-dev.jar;C:\Users\Magesh\AppData\Local\Android\Sdk\tools\bin\..\lib\kxml2-2.3.0.jar;C:\Users\Magesh\AppData\Local\Android\Sdk\tools\bin\..\lib\httpmime-4.1.jar;C:\Users\Magesh\AppData\Local\Android\Sdk\tools\bin\..\lib\annotations-12.0.jar;C:\Users\Magesh\AppData\Local\Android\Sdk\tools\bin\..\lib\sdklib-26.0.0-dev.jar;C:\Users\Magesh\AppData\Local\Android\Sdk\tools\bin\..\lib\guava-22.0.jar
Launcher Type: SUN_STANDARD

Environment Variables:
JAVA_HOME=C:\Program Files\Android\Android Studio2\jre
CLASSPATH=C:\Users\Magesh\AppData\Local\Android\Sdk\tools\bin\..\lib\dvlib-26.0.0-dev.jar;C:\Users\Magesh\AppData\Local\Android\Sdk\tools\bin\..\lib\jimfs-1.1.jar;C:\Users\Magesh\AppData\Local\Android\Sdk\tools\bin\..\lib\jsr305-1.3.9.jar;C:\Users\Magesh\AppData\Local\Android\Sdk\tools\bin\..\lib\repository-26.0.0-dev.jar;C:\Users\Magesh\AppData\Local\Android\Sdk\tools\bin\..\lib\j2objc-annotations-1.1.jar;C:\Users\Magesh\AppData\Local\Android\Sdk\tools\bin\..\lib\layoutlib-api-26.0.0-dev.jar;C:\Users\Magesh\AppData\Local\Android\Sdk\tools\bin\..\lib\gson-2.3.jar;C:\Users\Magesh\AppData\Local\Android\Sdk\tools\bin\..\lib\httpcore-4.2.5.jar;C:\Users\Magesh\AppData\Local\Android\Sdk\tools\bin\..\lib\commons-logging-1.1.1.jar;C:\Users\Magesh\AppData\Local\Android\Sdk\tools\bin\..\lib\commons-compress-1.12.jar;C:\Users\Magesh\AppData\Local\Android\Sdk\tools\bin\..\lib\annotations-26.0.0-dev.jar;C:\Users\Magesh\AppData\Local\Android\Sdk\tools\bin\..\lib\error_prone_annotations-2.0.18.jar;C:\Users\Magesh\AppData\Local\Android\Sdk\tools\bin\..\lib\animal-sniffer-annotations-1.14.jar;C:\Users\Magesh\AppData\Local\Android\Sdk\tools\bin\..\lib\httpclient-4.2.6.jar;C:\Users\Magesh\AppData\Local\Android\Sdk\tools\bin\..\lib\commons-codec-1.6.jar;C:\Users\Magesh\AppData\Local\Android\Sdk\tools\bin\..\lib\common-26.0.0-dev.jar;C:\Users\Magesh\AppData\Local\Android\Sdk\tools\bin\..\lib\kxml2-2.3.0.jar;C:\Users\Magesh\AppData\Local\Android\Sdk\tools\bin\..\lib\httpmime-4.1.jar;C:\Users\Magesh\AppData\Local\Android\Sdk\tools\bin\..\lib\annotations-12.0.jar;C:\Users\Magesh\AppData\Local\Android\Sdk\tools\bin\..\lib\sdklib-26.0.0-dev.jar;C:\Users\Magesh\AppData\Local\Android\Sdk\tools\bin\..\lib\guava-22.0.jar
PATH=C:\app\Magesh\product\18.0.0\dbhomeXE\bin;C:\windows\system32;C:\windows;C:\windows\System32\Wbem;C:\windows\System32\WindowsPowerShell\v1.0\;C:\windows\System32\OpenSSH\;C:\Program Files (x86)\NVIDIA Corporation\PhysX\Common;C:\Program Files\NVIDIA Corporation\NVIDIA NvDLISR;C:\Program Files\dotnet\;C:\Program Files\Java\jdk-12.0.2\bin;C:\Program Files\nodejs\;C:\ProgramData\chocolatey\bin;C:\Users\Magesh\AppData\Local\Microsoft\WindowsApps;C:\Users\Magesh\AppData\Local\Programs\Microsoft VS Code\bin;C:\Users\Magesh\AppData\Local\Google\Cloud SDK\google-cloud-sdk\bin;C:\Users\Magesh\AppData\Roaming\npm
USERNAME=Magesh
OS=Windows_NT
PROCESSOR_IDENTIFIER=Intel64 Family 6 Model 142 Stepping 12, GenuineIntel



---------------  S Y S T E M  ---------------

OS: Windows 10.0 , 64 bit Build 18362 (10.0.18362.778)

CPU:total 8 (initial active 8) (4 cores per cpu, 2 threads per core) family 6 model 142 stepping 12, cmov, cx8, fxsr, mmx, sse, sse2, sse3, ssse3, sse4.1, sse4.2, popcnt, avx, avx2, aes, clmul, erms, 3dnowpref, lzcnt, ht, tsc, tscinvbit, bmi1, bmi2, adx

Memory: 4k page, physical 8187892k(1184860k free), swap 11259892k(44832k free)

vm_info: OpenJDK 64-Bit Server VM (25.242-b01) for windows-amd64 JRE (1.8.0_242-release-1644-b01), built by "builder" with MS VC++ 10.0 (VS2010)

time: Sat Jul 25 21:59:22 2020
timezone: India Standard Time
elapsed time: 2 seconds (0d 0h 0m 2s)

